{
  "RSpec": {
    "coverage": {
      "/Users/alextideman/TuringProjects/Mod4/Week6/final_assessment/app/helpers/application_helper.rb": [
        1,
        1,
        0,
        0,
        0,
        0,
        null,
        null
      ],
      "/Users/alextideman/TuringProjects/Mod4/Week6/final_assessment/app/helpers/links_helper.rb": [
        1,
        null
      ],
      "/Users/alextideman/TuringProjects/Mod4/Week6/final_assessment/app/helpers/sessions_helper.rb": [
        1,
        null
      ],
      "/Users/alextideman/TuringProjects/Mod4/Week6/final_assessment/app/helpers/users_helper.rb": [
        1,
        null
      ],
      "/Users/alextideman/TuringProjects/Mod4/Week6/final_assessment/app/helpers/welcome_helper.rb": [
        1,
        null
      ],
      "/Users/alextideman/TuringProjects/Mod4/Week6/final_assessment/spec/controllers/sessions_controller_spec.rb": [
        1,
        null
      ],
      "/Users/alextideman/TuringProjects/Mod4/Week6/final_assessment/spec/controllers/users_controller_spec.rb": [
        1
      ],
      "/Users/alextideman/TuringProjects/Mod4/Week6/final_assessment/spec/controllers/welcome_controller_spec.rb": [
        1
      ],
      "/Users/alextideman/TuringProjects/Mod4/Week6/final_assessment/spec/mailers/link_mailer_spec.rb": [
        1,
        null,
        1,
        1,
        null
      ],
      "/Users/alextideman/TuringProjects/Mod4/Week6/final_assessment/app/mailers/link_mailer.rb": [
        1,
        1,
        0,
        0,
        null,
        null,
        null,
        null,
        null
      ],
      "/Users/alextideman/TuringProjects/Mod4/Week6/final_assessment/app/mailers/application_mailer.rb": [
        1,
        1,
        1,
        null
      ],
      "/Users/alextideman/TuringProjects/Mod4/Week6/final_assessment/spec/models/link_spec.rb": [
        1,
        null,
        1,
        1,
        4,
        null,
        null,
        null,
        null,
        1,
        3,
        null,
        null,
        null,
        null,
        1,
        1,
        1,
        null,
        1,
        1,
        1,
        1,
        null,
        null,
        1,
        1,
        1,
        null,
        null,
        null,
        1,
        1,
        null,
        null,
        null,
        1,
        1,
        1,
        null,
        1,
        null,
        1,
        1,
        1,
        1,
        null,
        null,
        1,
        1,
        1,
        null,
        1,
        null,
        1,
        1,
        1,
        1,
        null,
        null,
        null,
        null,
        null
      ],
      "/Users/alextideman/TuringProjects/Mod4/Week6/final_assessment/app/models/link.rb": [
        1,
        null,
        1,
        1,
        1,
        1,
        null,
        1,
        0,
        0,
        null,
        0,
        null,
        null,
        null,
        1,
        0,
        0,
        null,
        0,
        null,
        null,
        null,
        1,
        0,
        null,
        null,
        null
      ],
      "/Users/alextideman/TuringProjects/Mod4/Week6/final_assessment/spec/models/user_spec.rb": [
        1,
        null,
        1,
        1,
        1,
        null,
        null,
        null,
        null,
        1,
        1,
        null,
        1,
        1,
        null,
        null,
        1,
        1,
        null,
        null,
        null,
        1,
        null,
        1,
        null,
        null,
        null,
        null
      ],
      "/Users/alextideman/TuringProjects/Mod4/Week6/final_assessment/app/models/user.rb": [
        1,
        1,
        1,
        1,
        null,
        1,
        1,
        null,
        null
      ]
    },
    "timestamp": 1447878755
  }
}
