{
  "RSpec": {
    "coverage": {
      "/Users/alextideman/TuringProjects/Mod4/Week6/final_assessment/app/helpers/application_helper.rb": [
        1,
        1,
        57,
        57,
        57,
        57,
        null,
        null
      ],
      "/Users/alextideman/TuringProjects/Mod4/Week6/final_assessment/app/helpers/links_helper.rb": [
        1,
        null
      ],
      "/Users/alextideman/TuringProjects/Mod4/Week6/final_assessment/app/helpers/sessions_helper.rb": [
        1,
        null
      ],
      "/Users/alextideman/TuringProjects/Mod4/Week6/final_assessment/app/helpers/users_helper.rb": [
        1,
        null
      ],
      "/Users/alextideman/TuringProjects/Mod4/Week6/final_assessment/app/helpers/welcome_helper.rb": [
        1,
        null
      ],
      "/Users/alextideman/TuringProjects/Mod4/Week6/final_assessment/spec/controllers/sessions_controller_spec.rb": [
        1,
        null
      ],
      "/Users/alextideman/TuringProjects/Mod4/Week6/final_assessment/spec/controllers/users_controller_spec.rb": [
        1
      ],
      "/Users/alextideman/TuringProjects/Mod4/Week6/final_assessment/spec/controllers/welcome_controller_spec.rb": [
        1
      ],
      "/Users/alextideman/TuringProjects/Mod4/Week6/final_assessment/spec/integration/user_can_create_and_edit_links_spec.rb": [
        1,
        null,
        1,
        1,
        4,
        null,
        null,
        1,
        null,
        1,
        1,
        1,
        1,
        1,
        null,
        1,
        1,
        1,
        null,
        1,
        1,
        1,
        null,
        null,
        null,
        1,
        null,
        1,
        1,
        1,
        1,
        1,
        null,
        1,
        1,
        1,
        null,
        1,
        1,
        1,
        1,
        null,
        null,
        null,
        1,
        null,
        1,
        1,
        1,
        1,
        1,
        null,
        1,
        1,
        1,
        null,
        1,
        1,
        1,
        null,
        1,
        null,
        1,
        null,
        1,
        null,
        1,
        null,
        null,
        null,
        null,
        1,
        null,
        1,
        1,
        1,
        1,
        1,
        null,
        1,
        1,
        1,
        null,
        1,
        1,
        1,
        null,
        1,
        1,
        1,
        null,
        1,
        1,
        null,
        1,
        1,
        1,
        1,
        null,
        null,
        null,
        null
      ],
      "/Users/alextideman/TuringProjects/Mod4/Week6/final_assessment/spec/integration/user_can_login_spec.rb": [
        1,
        null,
        1,
        1,
        4,
        null,
        null,
        null,
        null,
        4,
        null,
        null,
        1,
        null,
        1,
        1,
        1,
        1,
        1,
        null,
        1,
        1,
        1,
        null,
        null,
        1,
        null,
        1,
        1,
        1,
        1,
        1,
        null,
        1,
        1,
        null,
        null,
        1,
        null,
        1,
        1,
        1,
        1,
        1,
        null,
        1,
        1,
        1,
        null,
        1,
        null,
        1,
        null,
        1,
        1,
        1,
        1,
        null,
        1,
        1,
        1,
        null,
        null,
        null,
        1,
        null,
        1,
        1,
        1,
        1,
        1,
        null,
        1,
        1,
        1,
        null,
        1,
        null,
        1,
        null,
        1,
        1,
        1,
        1,
        null,
        1,
        null,
        null,
        null,
        null,
        null
      ],
      "/Users/alextideman/TuringProjects/Mod4/Week6/final_assessment/spec/integration/user_can_recommend_link_spec.rb": [
        1,
        null,
        1,
        1,
        1,
        null,
        null,
        1,
        null,
        1,
        1,
        1,
        1,
        1,
        null,
        1,
        1,
        1,
        null,
        1,
        null,
        1,
        null,
        1,
        1,
        null,
        1,
        null,
        null,
        null,
        null
      ],
      "/Users/alextideman/TuringProjects/Mod4/Week6/final_assessment/spec/mailers/link_mailer_spec.rb": [
        1,
        null,
        1,
        1,
        null,
        1,
        1,
        null,
        1,
        1,
        1,
        1,
        1,
        null,
        null,
        null
      ],
      "/Users/alextideman/TuringProjects/Mod4/Week6/final_assessment/app/mailers/link_mailer.rb": [
        1,
        1,
        2,
        2,
        null,
        null,
        null,
        null,
        null
      ],
      "/Users/alextideman/TuringProjects/Mod4/Week6/final_assessment/app/mailers/application_mailer.rb": [
        1,
        1,
        1,
        null
      ],
      "/Users/alextideman/TuringProjects/Mod4/Week6/final_assessment/spec/models/link_spec.rb": [
        1,
        null,
        1,
        1,
        4,
        null,
        null,
        null,
        null,
        1,
        3,
        null,
        null,
        null,
        null,
        1,
        1,
        1,
        null,
        1,
        1,
        1,
        1,
        null,
        null,
        1,
        1,
        1,
        null,
        null,
        null,
        1,
        1,
        null,
        null,
        null,
        1,
        1,
        1,
        null,
        1,
        null,
        1,
        1,
        1,
        1,
        null,
        null,
        1,
        1,
        1,
        null,
        1,
        null,
        1,
        1,
        1,
        1,
        null,
        null,
        null,
        null,
        null
      ],
      "/Users/alextideman/TuringProjects/Mod4/Week6/final_assessment/app/models/link.rb": [
        1,
        null,
        1,
        1,
        1,
        1,
        null,
        1,
        10,
        1,
        null,
        9,
        null,
        null,
        null,
        1,
        19,
        1,
        null,
        18,
        null,
        null,
        null,
        1,
        1,
        null,
        null,
        null
      ],
      "/Users/alextideman/TuringProjects/Mod4/Week6/final_assessment/spec/models/user_spec.rb": [
        1,
        null,
        1,
        1,
        1,
        null,
        null,
        null,
        null,
        1,
        1,
        null,
        1,
        1,
        null,
        null,
        1,
        1,
        null,
        null,
        null,
        1,
        null,
        1,
        null,
        null,
        null,
        null
      ],
      "/Users/alextideman/TuringProjects/Mod4/Week6/final_assessment/app/models/user.rb": [
        1,
        1,
        1,
        1,
        null,
        1,
        1,
        null,
        null
      ],
      "/Users/alextideman/TuringProjects/Mod4/Week6/final_assessment/app/controllers/welcome_controller.rb": [
        1,
        null,
        1,
        null,
        null,
        null
      ],
      "/Users/alextideman/TuringProjects/Mod4/Week6/final_assessment/app/controllers/application_controller.rb": [
        1,
        null,
        null,
        1,
        null,
        1,
        81,
        null,
        1,
        null,
        null,
        null
      ],
      "/Users/alextideman/TuringProjects/Mod4/Week6/final_assessment/app/controllers/users_controller.rb": [
        1,
        null,
        1,
        9,
        null,
        null,
        1,
        9,
        9,
        8,
        8,
        null,
        1,
        1,
        null,
        null,
        null,
        1,
        null,
        1,
        9,
        null,
        null,
        null
      ],
      "/Users/alextideman/TuringProjects/Mod4/Week6/final_assessment/app/controllers/links_controller.rb": [
        1,
        1,
        1,
        null,
        1,
        19,
        19,
        null,
        null,
        1,
        6,
        6,
        6,
        5,
        5,
        null,
        1,
        1,
        null,
        null,
        null,
        1,
        0,
        null,
        null,
        1,
        0,
        0,
        0,
        null,
        0,
        null,
        0,
        null,
        null,
        1,
        2,
        2,
        1,
        null,
        1,
        null,
        2,
        null,
        null,
        1,
        1,
        null,
        null,
        1,
        1,
        1,
        1,
        1,
        1,
        null,
        null,
        1,
        null,
        1,
        7,
        null,
        null,
        1,
        133,
        7,
        null,
        126,
        null,
        null,
        null,
        null,
        1,
        21,
        null,
        null
      ],
      "/Users/alextideman/TuringProjects/Mod4/Week6/final_assessment/app/controllers/sessions_controller.rb": [
        1,
        null,
        1,
        null,
        null,
        1,
        2,
        2,
        1,
        1,
        null,
        1,
        1,
        null,
        null,
        null,
        1,
        2,
        2,
        null,
        null,
        null
      ]
    },
    "timestamp": 1447895040
  }
}
